#
# There is insufficient memory for the Java Runtime Environment to continue.
# Native memory allocation (mmap) failed to map 257949696 bytes for Failed to commit area from 0x000000070b400000 to 0x000000071aa00000 of length 257949696.
# Possible reasons:
#   The system is out of physical RAM or swap space
#   The process is running with CompressedOops enabled, and the Java Heap may be blocking the growth of the native heap
# Possible solutions:
#   Reduce memory load on the system
#   Increase physical memory or swap space
#   Check if swap backing store is full
#   Decrease Java heap size (-Xmx/-Xms)
#   Decrease number of Java threads
#   Decrease Java thread stack sizes (-Xss)
#   Set larger code cache with -XX:ReservedCodeCacheSize=
# This output file may be truncated or incomplete.
#
#  Out of Memory Error (./src/hotspot/os/windows/os_windows.cpp:3619), pid=37532, tid=7140
#
# JRE version:  (11.0.13) (build )
# Java VM: OpenJDK 64-Bit Server VM (11.0.13+0-b1751.21-8125866, mixed mode, sharing, tiered, compressed oops, g1 gc, windows-amd64)
# No core dump will be written. Minidumps are not enabled by default on client versions of Windows
#

---------------  S U M M A R Y ------------

Command Line: git4idea.nativessh.GitNativeSshAskPassApp Enter passphrase for key '/c/Users/AIWM_USER_1/.ssh/id_rsa': 

Host: AMD Ryzen 7 5700G with Radeon Graphics         , 16 cores, 15G,  Windows 10 , 64 bit Build 19041 (10.0.19041.2364)
Time: Mon Feb 13 16:16:28 2023 대한민국 표준시 elapsed time: 0.010515 seconds (0d 0h 0m 0s)

---------------  T H R E A D  ---------------

Current thread (0x0000029d560eb800):  JavaThread "Unknown thread" [_thread_in_vm, id=7140, stack(0x000000ca36900000,0x000000ca36a00000)]

Stack: [0x000000ca36900000,0x000000ca36a00000]
Native frames: (J=compiled Java code, j=interpreted, Vv=VM code, C=native code)
V  [jvm.dll+0x6100fa]
V  [jvm.dll+0x747090]
V  [jvm.dll+0x7486ad]
V  [jvm.dll+0x748d83]
V  [jvm.dll+0x24ab48]
V  [jvm.dll+0x60d164]
V  [jvm.dll+0x601e75]
V  [jvm.dll+0x308bdb]
V  [jvm.dll+0x308b4a]
V  [jvm.dll+0x308a22]
V  [jvm.dll+0x30d986]
V  [jvm.dll+0x357093]
V  [jvm.dll+0x357796]
V  [jvm.dll+0x357193]
V  [jvm.dll+0x2e3448]
V  [jvm.dll+0x2e45f7]
V  [jvm.dll+0x7242e7]
V  [jvm.dll+0x725adc]
V  [jvm.dll+0x364629]
V  [jvm.dll+0x707cee]
V  [jvm.dll+0x3d2633]
V  [jvm.dll+0x3d4a21]
C  [jli.dll+0x536b]
C  [ucrtbase.dll+0x21bb2]
C  [KERNEL32.DLL+0x17614]
C  [ntdll.dll+0x526a1]


---------------  P R O C E S S  ---------------

Threads class SMR info:
_java_thread_list=0x0000029d53dda1b0, length=0, elements={
}

Java Threads: ( => current thread )

Other Threads:
  0x0000029d56103000 GCTaskThread "GC Thread#0" [stack: 0x000000ca36a00000,0x000000ca36b00000] [id=17708]
  0x0000029d5615f800 ConcurrentGCThread "G1 Main Marker" [stack: 0x000000ca36b00000,0x000000ca36c00000] [id=15108]
  0x0000029d56160800 ConcurrentGCThread "G1 Conc#0" [stack: 0x000000ca36c00000,0x000000ca36d00000] [id=42348]

[error occurred during error reporting (printing all threads), id 0xc0000005, EXCEPTION_ACCESS_VIOLATION (0xc0000005) at pc=0x00007ffebd7a3dd7]

VM state:not at safepoint (not fully initialized)

VM Mutex/Monitor currently owned by a thread:  ([mutex/lock_event])
[0x0000029d560e72b0] Heap_lock - owner thread: 0x0000029d560eb800

Heap address: 0x000000070b400000, size: 3916 MB, Compressed Oops mode: Non-zero based: 0x000000070b400000
Narrow klass base: 0x0000000000000000, Narrow klass shift: 0

GC Heap History (0 events):
No events

Deoptimization events (0 events):
No events

Classes redefined (0 events):
No events

Internal exceptions (0 events):
No events

Events (1 events):
Event: 0.007 Loaded shared library C:\Program Files\Android\Android Studio\jre\bin\zip.dll


Dynamic libraries:
0x00007ff7df8a0000 - 0x00007ff7df8aa000 	C:\Program Files\Android\Android Studio\jre\bin\java.exe
0x00007fff11c10000 - 0x00007fff11e08000 	C:\Windows\SYSTEM32\ntdll.dll
0x00007fff111a0000 - 0x00007fff1125f000 	C:\Windows\System32\KERNEL32.DLL
0x00007fff0f6b0000 - 0x00007fff0f982000 	C:\Windows\System32\KERNELBASE.dll
0x00007fff0f5b0000 - 0x00007fff0f6b0000 	C:\Windows\System32\ucrtbase.dll
0x00007fff08610000 - 0x00007fff08629000 	C:\Program Files\Android\Android Studio\jre\bin\jli.dll
0x00007fff09ba0000 - 0x00007fff09bb7000 	C:\Program Files\Android\Android Studio\jre\bin\VCRUNTIME140.dll
0x00007fff10f00000 - 0x00007fff110a1000 	C:\Windows\System32\USER32.dll
0x00007fff0f300000 - 0x00007fff0f322000 	C:\Windows\System32\win32u.dll
0x00007fff10260000 - 0x00007fff1028b000 	C:\Windows\System32\GDI32.dll
0x00007fff0f4a0000 - 0x00007fff0f5af000 	C:\Windows\System32\gdi32full.dll
0x00007fff0fbb0000 - 0x00007fff0fc4d000 	C:\Windows\System32\msvcp_win.dll
0x00007fff054c0000 - 0x00007fff0575a000 	C:\Windows\WinSxS\amd64_microsoft.windows.common-controls_6595b64144ccf1df_6.0.19041.1110_none_60b5254171f9507e\COMCTL32.dll
0x00007fff11a50000 - 0x00007fff11aee000 	C:\Windows\System32\msvcrt.dll
0x00007fff0fc50000 - 0x00007fff0fc82000 	C:\Windows\System32\IMM32.DLL
0x00007ffefd510000 - 0x00007ffefd5ad000 	C:\Program Files\Android\Android Studio\jre\bin\msvcp140.dll
0x00007ffebd4b0000 - 0x00007ffebdfb2000 	C:\Program Files\Android\Android Studio\jre\bin\server\jvm.dll
0x00007fff10720000 - 0x00007fff107ce000 	C:\Windows\System32\ADVAPI32.dll
0x00007fff119b0000 - 0x00007fff11a4c000 	C:\Windows\System32\sechost.dll
0x00007fff10130000 - 0x00007fff10255000 	C:\Windows\System32\RPCRT4.dll
0x00007fff107d0000 - 0x00007fff107d8000 	C:\Windows\System32\PSAPI.DLL
0x00007fff040e0000 - 0x00007fff040e9000 	C:\Windows\SYSTEM32\WSOCK32.dll
0x00007fff10de0000 - 0x00007fff10e4b000 	C:\Windows\System32\WS2_32.dll
0x00007fff06710000 - 0x00007fff0671a000 	C:\Windows\SYSTEM32\VERSION.dll
0x00007ffeff4a0000 - 0x00007ffeff4c7000 	C:\Windows\SYSTEM32\WINMM.dll
0x00007fff0d1e0000 - 0x00007fff0d1f2000 	C:\Windows\SYSTEM32\kernel.appcore.dll
0x00007fff02e50000 - 0x00007fff02e61000 	C:\Program Files\Android\Android Studio\jre\bin\verify.dll
0x00007fff09050000 - 0x00007fff09234000 	C:\Windows\SYSTEM32\DBGHELP.DLL
0x00007fff08c80000 - 0x00007fff08cb5000 	C:\Windows\SYSTEM32\dbgcore.DLL
0x00007fff0f410000 - 0x00007fff0f492000 	C:\Windows\System32\bcryptPrimitives.dll
0x00007ffef69f0000 - 0x00007ffef6a19000 	C:\Program Files\Android\Android Studio\jre\bin\java.dll
0x00007fff0a730000 - 0x00007fff0a73b000 	C:\Program Files\Android\Android Studio\jre\bin\jimage.dll
0x00007fff02da0000 - 0x00007fff02db8000 	C:\Program Files\Android\Android Studio\jre\bin\zip.dll

dbghelp: loaded successfully - version: 4.0.5 - missing functions: none
symbol engine: initialized successfully - sym options: 0x614 - pdb path: .;C:\Program Files\Android\Android Studio\jre\bin;C:\Windows\SYSTEM32;C:\Windows\WinSxS\amd64_microsoft.windows.common-controls_6595b64144ccf1df_6.0.19041.1110_none_60b5254171f9507e;C:\Program Files\Android\Android Studio\jre\bin\server

VM Arguments:
java_command: git4idea.nativessh.GitNativeSshAskPassApp Enter passphrase for key '/c/Users/AIWM_USER_1/.ssh/id_rsa': 
java_class_path (initial): C:/Program Files/Android/Android Studio/plugins/git4idea/lib/git4idea-rt.jar;C:/Program Files/Android/Android Studio/lib/3rd-party.jar;C:/Program Files/Android/Android Studio/lib/3rd-party-rt.jar
Launcher Type: SUN_STANDARD

[Global flags]
     intx CICompilerCount                          = 12                                        {product} {ergonomic}
     uint ConcGCThreads                            = 3                                         {product} {ergonomic}
     uint G1ConcRefinementThreads                  = 13                                        {product} {ergonomic}
   size_t G1HeapRegionSize                         = 1048576                                   {product} {ergonomic}
    uintx GCDrainStackTargetSize                   = 64                                        {product} {ergonomic}
   size_t InitialHeapSize                          = 257949696                                 {product} {ergonomic}
   size_t MarkStackSize                            = 4194304                                   {product} {ergonomic}
   size_t MaxHeapSize                              = 4106223616                                {product} {ergonomic}
   size_t MinHeapDeltaBytes                        = 1048576                                   {product} {ergonomic}
    uintx NonNMethodCodeHeapSize                   = 7594288                                {pd product} {ergonomic}
    uintx NonProfiledCodeHeapSize                  = 122031976                              {pd product} {ergonomic}
    uintx ProfiledCodeHeapSize                     = 122031976                              {pd product} {ergonomic}
    uintx ReservedCodeCacheSize                    = 251658240                              {pd product} {ergonomic}
     bool SegmentedCodeCache                       = true                                      {product} {ergonomic}
     bool UseCompressedClassPointers               = true                                 {lp64_product} {ergonomic}
     bool UseCompressedOops                        = true                                 {lp64_product} {ergonomic}
     bool UseG1GC                                  = true                                      {product} {ergonomic}
     bool UseLargePagesIndividualAllocation        = false                                  {pd product} {ergonomic}

Logging:
Log output configuration:
 #0: stdout all=warning uptime,level,tags
 #1: stderr all=off uptime,level,tags

Environment Variables:
PATH=C:\Program Files\Git\mingw64\libexec\git-core;C:\Program Files\Git\mingw64\bin;C:\Program Files\Git\usr\bin;C:\Users\AIWM_USER_1\bin;C:\Windows\system32;C:\Windows;C:\Windows\System32\Wbem;C:\Windows\System32\WindowsPowerShell\v1.0;C:\Windows\System32\OpenSSH;C:\Program Files\Polyspace\R2021a\bin;C:\Program Files\Bandizip;C:\Users\Public\Documents;C:\Program Files\Git\cmd;C:\Users\AIWM_USER_1\AppData\Local\Microsoft\WindowsApps;C:\Users\AIWM_USER_1\AppData\Local\Programs\MiKTeX\miktex\bin\x64;C:\Users\AIWM_USER_1\AppData\Local\Pandoc;C:\Users\AIWM_USER_1\AppData\Local\Programs\Python\Python310\Lib\site-packages;C:\Program Files\Git\cmd;C:\Program Files\Git\usr\bin
USERNAME=AIWM_USER_1
DISPLAY=:0.0
LC_ALL=en_US.UTF-8
OS=Windows_NT
PROCESSOR_IDENTIFIER=AMD64 Family 25 Model 80 Stepping 0, AuthenticAMD



---------------  S Y S T E M  ---------------

OS: Windows 10 , 64 bit Build 19041 (10.0.19041.2364)
OS uptime: 32 days 20:12 hours

CPU:total 16 (initial active 16) (16 cores per cpu, 2 threads per core) family 25 model 80 stepping 0 microcode 0x0, cmov, cx8, fxsr, mmx, sse, sse2, sse3, ssse3, sse4.1, sse4.2, popcnt, avx, avx2, aes, clmul, erms, mmxext, 3dnowpref, lzcnt, sse4a, ht, tsc, tscinvbit, tscinv, bmi1, bmi2, adx, sha, fma

Memory: 4k page, system-wide physical 15659M (1869M free)
TotalPageFile size 62763M (AvailPageFile size 159M)
current process WorkingSet (physical memory assigned to process): 10M, peak: 10M
current process commit charge ("private bytes"): 71M, peak: 317M

vm_info: OpenJDK 64-Bit Server VM (11.0.13+0-b1751.21-8125866) for windows-amd64 JRE (11.0.13+0-b1751.21-8125866), built on Feb  2 2022 03:00:22 by "builder" with MS VC++ 14.0 (VS2015)

END.
