#
# There is insufficient memory for the Java Runtime Environment to continue.
# Native memory allocation (mmap) failed to map 257949696 bytes for Failed to commit area from 0x000000070b400000 to 0x000000071aa00000 of length 257949696.
# Possible reasons:
#   The system is out of physical RAM or swap space
#   The process is running with CompressedOops enabled, and the Java Heap may be blocking the growth of the native heap
# Possible solutions:
#   Reduce memory load on the system
#   Increase physical memory or swap space
#   Check if swap backing store is full
#   Decrease Java heap size (-Xmx/-Xms)
#   Decrease number of Java threads
#   Decrease Java thread stack sizes (-Xss)
#   Set larger code cache with -XX:ReservedCodeCacheSize=
# This output file may be truncated or incomplete.
#
#  Out of Memory Error (./src/hotspot/os/windows/os_windows.cpp:3619), pid=15076, tid=15096
#
# JRE version:  (11.0.13) (build )
# Java VM: OpenJDK 64-Bit Server VM (11.0.13+0-b1751.21-8125866, mixed mode, sharing, tiered, compressed oops, g1 gc, windows-amd64)
# No core dump will be written. Minidumps are not enabled by default on client versions of Windows
#

---------------  S U M M A R Y ------------

Command Line: git4idea.nativessh.GitNativeSshAskPassApp Enter passphrase for key '/c/Users/AIWM_USER_1/.ssh/id_rsa': 

Host: AMD Ryzen 7 5700G with Radeon Graphics         , 16 cores, 15G,  Windows 10 , 64 bit Build 19041 (10.0.19041.2546)
Time: Fri Mar  3 08:54:37 2023 대한민국 표준시 elapsed time: 0.009900 seconds (0d 0h 0m 0s)

---------------  T H R E A D  ---------------

Current thread (0x000002647e45d000):  JavaThread "Unknown thread" [_thread_in_vm, id=15096, stack(0x0000009f5c400000,0x0000009f5c500000)]

Stack: [0x0000009f5c400000,0x0000009f5c500000]
Native frames: (J=compiled Java code, j=interpreted, Vv=VM code, C=native code)
V  [jvm.dll+0x6100fa]
V  [jvm.dll+0x747090]
V  [jvm.dll+0x7486ad]
V  [jvm.dll+0x748d83]
V  [jvm.dll+0x24ab48]
V  [jvm.dll+0x60d164]
V  [jvm.dll+0x601e75]
V  [jvm.dll+0x308bdb]
V  [jvm.dll+0x308b4a]
V  [jvm.dll+0x308a22]
V  [jvm.dll+0x30d986]
V  [jvm.dll+0x357093]
V  [jvm.dll+0x357796]
V  [jvm.dll+0x357193]
V  [jvm.dll+0x2e3448]
V  [jvm.dll+0x2e45f7]
V  [jvm.dll+0x7242e7]
V  [jvm.dll+0x725adc]
V  [jvm.dll+0x364629]
V  [jvm.dll+0x707cee]
V  [jvm.dll+0x3d2633]
V  [jvm.dll+0x3d4a21]
C  [jli.dll+0x536b]
C  [ucrtbase.dll+0x21bb2]
C  [KERNEL32.DLL+0x17614]
C  [ntdll.dll+0x526a1]


---------------  P R O C E S S  ---------------

Threads class SMR info:
_java_thread_list=0x000002647e252980, length=0, elements={
}

Java Threads: ( => current thread )

Other Threads:
  0x000002647e474800 GCTaskThread "GC Thread#0" [stack: 0x0000009f5c500000,0x0000009f5c600000] [id=15100]
  0x000002647e4d0000 ConcurrentGCThread "G1 Main Marker" [stack: 0x0000009f5c600000,0x0000009f5c700000] [id=15104]
  0x000002647e4d2800 ConcurrentGCThread "G1 Conc#0" [stack: 0x0000009f5c700000,0x0000009f5c800000] [id=15108]

[error occurred during error reporting (printing all threads), id 0xc0000005, EXCEPTION_ACCESS_VIOLATION (0xc0000005) at pc=0x00007ff8d9fc3dd7]

VM state:not at safepoint (not fully initialized)

VM Mutex/Monitor currently owned by a thread:  ([mutex/lock_event])
[0x000002647e45a1d0] Heap_lock - owner thread: 0x000002647e45d000

Heap address: 0x000000070b400000, size: 3916 MB, Compressed Oops mode: Non-zero based: 0x000000070b400000
Narrow klass base: 0x0000000000000000, Narrow klass shift: 0

GC Heap History (0 events):
No events

Deoptimization events (0 events):
No events

Classes redefined (0 events):
No events

Internal exceptions (0 events):
No events

Events (1 events):
Event: 0.006 Loaded shared library C:\Program Files\Android\Android Studio\jre\bin\zip.dll


Dynamic libraries:
0x00007ff794050000 - 0x00007ff79405a000 	C:\Program Files\Android\Android Studio\jre\bin\java.exe
0x00007ffa28a50000 - 0x00007ffa28c48000 	C:\Windows\SYSTEM32\ntdll.dll
0x00007ffa287d0000 - 0x00007ffa2888f000 	C:\Windows\System32\KERNEL32.DLL
0x00007ffa26310000 - 0x00007ffa265e2000 	C:\Windows\System32\KERNELBASE.dll
0x00007ffa26880000 - 0x00007ffa26980000 	C:\Windows\System32\ucrtbase.dll
0x00007ff9f4620000 - 0x00007ff9f4639000 	C:\Program Files\Android\Android Studio\jre\bin\jli.dll
0x00007ff9f4600000 - 0x00007ff9f4617000 	C:\Program Files\Android\Android Studio\jre\bin\VCRUNTIME140.dll
0x00007ffa28540000 - 0x00007ffa286e1000 	C:\Windows\System32\USER32.dll
0x00007ffa262e0000 - 0x00007ffa26302000 	C:\Windows\System32\win32u.dll
0x00007ffa286f0000 - 0x00007ffa2871b000 	C:\Windows\System32\GDI32.dll
0x00007ffa26980000 - 0x00007ffa26a8f000 	C:\Windows\System32\gdi32full.dll
0x00007ffa114d0000 - 0x00007ffa1176a000 	C:\Windows\WinSxS\amd64_microsoft.windows.common-controls_6595b64144ccf1df_6.0.19041.1110_none_60b5254171f9507e\COMCTL32.dll
0x00007ffa26680000 - 0x00007ffa2671d000 	C:\Windows\System32\msvcp_win.dll
0x00007ffa27ab0000 - 0x00007ffa27b4e000 	C:\Windows\System32\msvcrt.dll
0x00007ffa27c00000 - 0x00007ffa27c32000 	C:\Windows\System32\IMM32.DLL
0x00007ff9f1bc0000 - 0x00007ff9f1c5d000 	C:\Program Files\Android\Android Studio\jre\bin\msvcp140.dll
0x00007ff8d9cd0000 - 0x00007ff8da7d2000 	C:\Program Files\Android\Android Studio\jre\bin\server\jvm.dll
0x00007ffa28720000 - 0x00007ffa287ce000 	C:\Windows\System32\ADVAPI32.dll
0x00007ffa27d10000 - 0x00007ffa27dac000 	C:\Windows\System32\sechost.dll
0x00007ffa278a0000 - 0x00007ffa279c5000 	C:\Windows\System32\RPCRT4.dll
0x00007ffa27140000 - 0x00007ffa27148000 	C:\Windows\System32\PSAPI.DLL
0x00007ffa13130000 - 0x00007ffa13139000 	C:\Windows\SYSTEM32\WSOCK32.dll
0x00007ffa1eac0000 - 0x00007ffa1eaca000 	C:\Windows\SYSTEM32\VERSION.dll
0x00007ffa1d020000 - 0x00007ffa1d047000 	C:\Windows\SYSTEM32\WINMM.dll
0x00007ffa28890000 - 0x00007ffa288fb000 	C:\Windows\System32\WS2_32.dll
0x00007ffa24020000 - 0x00007ffa24032000 	C:\Windows\SYSTEM32\kernel.appcore.dll
0x00007ff937c50000 - 0x00007ff937c61000 	C:\Program Files\Android\Android Studio\jre\bin\verify.dll
0x00007ffa1f100000 - 0x00007ffa1f2e4000 	C:\Windows\SYSTEM32\DBGHELP.DLL
0x00007ffa11150000 - 0x00007ffa11185000 	C:\Windows\SYSTEM32\dbgcore.DLL
0x00007ffa265f0000 - 0x00007ffa26672000 	C:\Windows\System32\bcryptPrimitives.dll
0x00007ff928a60000 - 0x00007ff928a89000 	C:\Program Files\Android\Android Studio\jre\bin\java.dll
0x00007ff9fd480000 - 0x00007ff9fd48b000 	C:\Program Files\Android\Android Studio\jre\bin\jimage.dll
0x00007ff928a40000 - 0x00007ff928a58000 	C:\Program Files\Android\Android Studio\jre\bin\zip.dll

dbghelp: loaded successfully - version: 4.0.5 - missing functions: none
symbol engine: initialized successfully - sym options: 0x614 - pdb path: .;C:\Program Files\Android\Android Studio\jre\bin;C:\Windows\SYSTEM32;C:\Windows\WinSxS\amd64_microsoft.windows.common-controls_6595b64144ccf1df_6.0.19041.1110_none_60b5254171f9507e;C:\Program Files\Android\Android Studio\jre\bin\server

VM Arguments:
java_command: git4idea.nativessh.GitNativeSshAskPassApp Enter passphrase for key '/c/Users/AIWM_USER_1/.ssh/id_rsa': 
java_class_path (initial): C:/Program Files/Android/Android Studio/plugins/git4idea/lib/git4idea-rt.jar;C:/Program Files/Android/Android Studio/lib/3rd-party.jar;C:/Program Files/Android/Android Studio/lib/3rd-party-rt.jar
Launcher Type: SUN_STANDARD

[Global flags]
     intx CICompilerCount                          = 12                                        {product} {ergonomic}
     uint ConcGCThreads                            = 3                                         {product} {ergonomic}
     uint G1ConcRefinementThreads                  = 13                                        {product} {ergonomic}
   size_t G1HeapRegionSize                         = 1048576                                   {product} {ergonomic}
    uintx GCDrainStackTargetSize                   = 64                                        {product} {ergonomic}
   size_t InitialHeapSize                          = 257949696                                 {product} {ergonomic}
   size_t MarkStackSize                            = 4194304                                   {product} {ergonomic}
   size_t MaxHeapSize                              = 4106223616                                {product} {ergonomic}
   size_t MinHeapDeltaBytes                        = 1048576                                   {product} {ergonomic}
    uintx NonNMethodCodeHeapSize                   = 7594288                                {pd product} {ergonomic}
    uintx NonProfiledCodeHeapSize                  = 122031976                              {pd product} {ergonomic}
    uintx ProfiledCodeHeapSize                     = 122031976                              {pd product} {ergonomic}
    uintx ReservedCodeCacheSize                    = 251658240                              {pd product} {ergonomic}
     bool SegmentedCodeCache                       = true                                      {product} {ergonomic}
     bool UseCompressedClassPointers               = true                                 {lp64_product} {ergonomic}
     bool UseCompressedOops                        = true                                 {lp64_product} {ergonomic}
     bool UseG1GC                                  = true                                      {product} {ergonomic}
     bool UseLargePagesIndividualAllocation        = false                                  {pd product} {ergonomic}

Logging:
Log output configuration:
 #0: stdout all=warning uptime,level,tags
 #1: stderr all=off uptime,level,tags

Environment Variables:
PATH=C:\Program Files\Git\mingw64\libexec\git-core;C:\Program Files\Git\mingw64\bin;C:\Program Files\Git\usr\bin;C:\Users\AIWM_USER_1\bin;C:\Windows\system32;C:\Windows;C:\Windows\System32\Wbem;C:\Windows\System32\WindowsPowerShell\v1.0;C:\Windows\System32\OpenSSH;C:\Program Files\Polyspace\R2021a\bin;C:\Program Files\Bandizip;C:\Users\Public\Documents;C:\Program Files\Git\cmd;C:\Users\AIWM_USER_1\AppData\Local\Microsoft\WindowsApps;C:\Users\AIWM_USER_1\AppData\Local\Programs\MiKTeX\miktex\bin\x64;C:\Users\AIWM_USER_1\AppData\Local\Pandoc;C:\Users\AIWM_USER_1\AppData\Local\Programs\Python\Python310\Lib\site-packages;C:\Program Files\Git\cmd;C:\Program Files\Git\usr\bin
USERNAME=AIWM_USER_1
DISPLAY=:0.0
LC_ALL=en_US.UTF-8
OS=Windows_NT
PROCESSOR_IDENTIFIER=AMD64 Family 25 Model 80 Stepping 0, AuthenticAMD



---------------  S Y S T E M  ---------------

OS: Windows 10 , 64 bit Build 19041 (10.0.19041.2546)
OS uptime: 15 days 21:56 hours

CPU:total 16 (initial active 16) (16 cores per cpu, 2 threads per core) family 25 model 80 stepping 0 microcode 0x0, cmov, cx8, fxsr, mmx, sse, sse2, sse3, ssse3, sse4.1, sse4.2, popcnt, avx, avx2, aes, clmul, erms, mmxext, 3dnowpref, lzcnt, sse4a, ht, tsc, tscinvbit, tscinv, bmi1, bmi2, adx, sha, fma

Memory: 4k page, system-wide physical 15659M (413M free)
TotalPageFile size 62763M (AvailPageFile size 91M)
current process WorkingSet (physical memory assigned to process): 10M, peak: 10M
current process commit charge ("private bytes"): 71M, peak: 317M

vm_info: OpenJDK 64-Bit Server VM (11.0.13+0-b1751.21-8125866) for windows-amd64 JRE (11.0.13+0-b1751.21-8125866), built on Feb  2 2022 03:00:22 by "builder" with MS VC++ 14.0 (VS2015)

END.
